<?xml version="1.0" encoding="UTF-8"?>
<!-- Generated by org.testng.reporters.JUnitXMLReporter -->
<testsuite ignored="0" hostname="Lenovo" failures="0" tests="3" name="Surefire test" time="10.906" errors="0" timestamp="2024-03-23T09:39:47 IST">
  <testcase classname="org.openmrs.demo.OpenMRSDataDrivenBaseTest" name="@BeforeTest beforeTest" time="0.429">
    <failure type="java.lang.IllegalStateException" message="The driver executable does not exist: E:\TESTING\SELENIUM\AutomationTesting_Feb_2024_new\SeleniumDataDrivenMavenProjetnull">
      <![CDATA[java.lang.IllegalStateException: The driver executable does not exist: E:\TESTING\SELENIUM\AutomationTesting_Feb_2024_new\SeleniumDataDrivenMavenProjetnull
at com.google.common.base.Preconditions.checkState(Preconditions.java:585)
at org.openqa.selenium.remote.service.DriverService.checkExecutable(DriverService.java:146)
at org.openqa.selenium.remote.service.DriverService.findExecutable(DriverService.java:141)
at org.openqa.selenium.chrome.ChromeDriverService.access$000(ChromeDriverService.java:35)
at org.openqa.selenium.chrome.ChromeDriverService$Builder.findDefaultExecutable(ChromeDriverService.java:159)
at org.openqa.selenium.remote.service.DriverService$Builder.build(DriverService.java:355)
at org.openqa.selenium.chrome.ChromeDriverService.createDefaultService(ChromeDriverService.java:94)
at org.openqa.selenium.chrome.ChromeDriver.<init>(ChromeDriver.java:123)
at org.openmrs.demo.OpenMRSDataDrivenBaseTest.beforeTest(OpenMRSDataDrivenBaseTest.java:64)
... Removed 29 stack frames]]>
    </failure>
  </testcase> <!-- @BeforeTest beforeTest -->
  <testcase classname="org.openmrs.demo.OpenMRSDataDrivenBaseTest" name="@BeforeClass beforeClass" time="0.009">
    <failure type="java.lang.NullPointerException">
      <![CDATA[java.lang.NullPointerException
at org.openmrs.demo.OpenMRSDataDrivenBaseTest.beforeClass(OpenMRSDataDrivenBaseTest.java:80)
at java.base/java.util.ArrayList.forEach(ArrayList.java:1541)
... Removed 30 stack frames]]>
    </failure>
  </testcase> <!-- @BeforeClass beforeClass -->
  <testcase classname="org.openmrs.demo.OpenMRSDataDrivenBaseTest" name="@BeforeMethod beforeMethod" time="-1.711166977242E9">
    <failure type="org.testng.TestNGException" message="
Parameter &amp;apos;UserName&amp;apos; is required by BeforeMethod on method beforeMethod but has not been marked @Optional or defined
">
      <![CDATA[org.testng.TestNGException: 
Parameter 'UserName' is required by BeforeMethod on method beforeMethod but has not been marked @Optional or defined

at java.base/java.util.ArrayList.forEach(ArrayList.java:1541)
... Removed 33 stack frames]]>
    </failure>
  </testcase> <!-- @BeforeMethod beforeMethod -->
  <testcase classname="org.openmrs.demo.OpenMRSDataDrivenBaseTest" name="@BeforeMethod beforeMethod" time="-1.711166982374E9">
    <failure type="org.testng.TestNGException" message="
Parameter &amp;apos;UserName&amp;apos; is required by BeforeMethod on method beforeMethod but has not been marked @Optional or defined
">
      <![CDATA[org.testng.TestNGException: 
Parameter 'UserName' is required by BeforeMethod on method beforeMethod but has not been marked @Optional or defined

at java.base/java.util.ArrayList.forEach(ArrayList.java:1541)
... Removed 33 stack frames]]>
    </failure>
  </testcase> <!-- @BeforeMethod beforeMethod -->
  <testcase classname="org.openmrs.demo.OpenMRSDataDrivenBaseTest" name="@AfterTest afterTest" time="0.0">
    <failure type="java.lang.NullPointerException">
      <![CDATA[java.lang.NullPointerException
at org.openmrs.demo.OpenMRSDataDrivenBaseTest.afterTest(OpenMRSDataDrivenBaseTest.java:103)
... Removed 29 stack frames]]>
    </failure>
  </testcase> <!-- @AfterTest afterTest -->
  <testcase classname="org.openmrs.demo.OpenMRSDataDrivenTest" name="activeVisitsTest" time="0.0">
    <skipped/>
  </testcase> <!-- activeVisitsTest -->
  <testcase classname="org.openmrs.demo.OpenMRSDataDrivenTest" name="findPatientTest" time="0.0">
    <skipped/>
  </testcase> <!-- findPatientTest -->
  <testcase classname="org.openmrs.demo.OpenMRSDataDrivenTest" name="deletePatientTest" time="0.0">
    <skipped/>
  </testcase> <!-- deletePatientTest -->
</testsuite> <!-- Surefire test -->
